<?xml version="1.0" encoding="UTF-8"?>
<testsuite xmlns:xsi="http://www.w3.org/2001/XMLSchema-instance" xsi:noNamespaceSchemaLocation="https://maven.apache.org/surefire/maven-surefire-plugin/xsd/surefire-test-report-3.0.xsd" version="3.0" name="com.food.ordering.system.order.service.domain.OrderApplicationServiceTest" time="3.046" tests="4" errors="0" skipped="0" failures="0">
  <properties>
[...]
</properties>
  <testcase name="testCreateOrderWithWrongTotalPrice" classname="com.food.ordering.system.order.service.domain.OrderApplicationServiceTest" time="0.116">
    <system-out><![CDATA[
  .   ____          _            __ _ _
 /\\ / ___'_ __ _ _(_)_ __  __ _ \ \ \ \
( ( )\___ | '_ | '_| | '_ \/ _` | \ \ \ \
 \\/  ___)| |_)| | | | | || (_| |  ) ) ) )
  '  |____| .__|_| |_|_| |_\__, | / / / /
 =========|_|==============|___/=/_/_/_/
 :: Spring Boot ::                (v3.1.5)

2024-03-04T03:57:38.824+05:30  INFO 21460 --- [           main] .f.o.s.o.s.d.OrderApplicationServiceTest : Starting OrderApplicationServiceTest using Java 17.0.5 with PID 21460 (started by adity in C:\Users\adity\my-space\workstation\workspaces\microservice-design-pattern-projects\food-ordering-system\order-service\order-domain\order-application-service)
2024-03-04T03:57:38.827+05:30  INFO 21460 --- [           main] .f.o.s.o.s.d.OrderApplicationServiceTest : No active profile set, falling back to 1 default profile: "default"
2024-03-04T03:57:40.627+05:30  INFO 21460 --- [           main] .f.o.s.o.s.d.OrderApplicationServiceTest : Started OrderApplicationServiceTest in 2.233 seconds (process running for 3.365)
]]></system-out>
  </testcase>
  <testcase name="testCreateOrder" classname="com.food.ordering.system.order.service.domain.OrderApplicationServiceTest" time="0.013">
    <system-out><![CDATA[2024-03-04T03:57:40.960+05:30  INFO 21460 --- [           main] c.f.o.s.o.s.d.OrderDomainServiceImpl     : Order with id: 87192a56-40c5-4262-96f9-b2a18634ddef is initiated
2024-03-04T03:57:40.962+05:30  INFO 21460 --- [           main] c.f.o.s.o.s.domain.OrderCreateHelper     : Order is saved with id: 15a497c1-0f4b-4eff-b9f4-c402c8c07afb
2024-03-04T03:57:40.962+05:30  INFO 21460 --- [           main] c.f.o.s.o.s.domain.OrderCreateHelper     : Order is created with id: 87192a56-40c5-4262-96f9-b2a18634ddef
2024-03-04T03:57:40.962+05:30  INFO 21460 --- [           main] c.f.o.s.o.s.d.OrderCreateCommandHandler  : Order is created with id: 87192a56-40c5-4262-96f9-b2a18634ddef
2024-03-04T03:57:40.965+05:30  INFO 21460 --- [           main] c.f.o.s.o.s.d.o.s.p.PaymentOutboxHelper  : OrderPaymentOutboxMessage saved with outbox id: bff5ef79-d956-4fa9-92f3-7408766bc2e7
2024-03-04T03:57:40.965+05:30  INFO 21460 --- [           main] c.f.o.s.o.s.d.OrderCreateCommandHandler  : Returning CreateOrderResponse with order id: com.food.ordering.system.domain.valueObject.OrderId@d7110799
]]></system-out>
  </testcase>
  <testcase name="testCreateOrderWithWrongProductPrice" classname="com.food.ordering.system.order.service.domain.OrderApplicationServiceTest" time="0.004"/>
  <testcase name="testCreateOrderWithPassiveRestaurant" classname="com.food.ordering.system.order.service.domain.OrderApplicationServiceTest" time="0.004"/>
</testsuite>