<?xml version="1.0" encoding="UTF-8"?>
<testsuite xmlns:xsi="http://www.w3.org/2001/XMLSchema-instance" xsi:noNamespaceSchemaLocation="https://maven.apache.org/surefire/maven-surefire-plugin/xsd/surefire-test-report-3.0.xsd" version="3.0" name="com.food.ordering.system.payment.service.domain.PaymentRequestMessageListenerTest" time="6.289" tests="2" errors="0" skipped="0" failures="2">
  <properties>
[...]
</properties>
  <testcase name="testDoublePaymentWithThreads" classname="com.food.ordering.system.payment.service.domain.PaymentRequestMessageListenerTest" time="0.579">
    <failure message="expected: &lt;true&gt; but was: &lt;false&gt;" type="org.opentest4j.AssertionFailedError"><![CDATA[org.opentest4j.AssertionFailedError: expected: <true> but was: <false>
	at org.junit.jupiter.api.AssertionFailureBuilder.build(AssertionFailureBuilder.java:151)
	at org.junit.jupiter.api.AssertionFailureBuilder.buildAndThrow(AssertionFailureBuilder.java:132)
	at org.junit.jupiter.api.AssertTrue.failNotTrue(AssertTrue.java:63)
	at org.junit.jupiter.api.AssertTrue.assertTrue(AssertTrue.java:36)
	at org.junit.jupiter.api.AssertTrue.assertTrue(AssertTrue.java:31)
	at org.junit.jupiter.api.Assertions.assertTrue(Assertions.java:180)
	at com.food.ordering.system.payment.service.domain.PaymentRequestMessageListenerTest.assertOrderOutbox(PaymentRequestMessageListenerTest.java:99)
	at com.food.ordering.system.payment.service.domain.PaymentRequestMessageListenerTest.testDoublePaymentWithThreads(PaymentRequestMessageListenerTest.java:83)
	at java.base/jdk.internal.reflect.NativeMethodAccessorImpl.invoke0(Native Method)
	at java.base/jdk.internal.reflect.NativeMethodAccessorImpl.invoke(NativeMethodAccessorImpl.java:77)
	at java.base/jdk.internal.reflect.DelegatingMethodAccessorImpl.invoke(DelegatingMethodAccessorImpl.java:43)
	at java.base/java.lang.reflect.Method.invoke(Method.java:568)
	at org.junit.platform.commons.util.ReflectionUtils.invokeMethod(ReflectionUtils.java:727)
	at org.junit.jupiter.engine.execution.MethodInvocation.proceed(MethodInvocation.java:60)
	at org.junit.jupiter.engine.execution.InvocationInterceptorChain$ValidatingInvocation.proceed(InvocationInterceptorChain.java:131)
	at org.junit.jupiter.engine.extension.TimeoutExtension.intercept(TimeoutExtension.java:156)
	at org.junit.jupiter.engine.extension.TimeoutExtension.interceptTestableMethod(TimeoutExtension.java:147)
	at org.junit.jupiter.engine.extension.TimeoutExtension.interceptTestMethod(TimeoutExtension.java:86)
	at org.junit.jupiter.engine.execution.InterceptingExecutableInvoker$ReflectiveInterceptorCall.lambda$ofVoidMethod$0(InterceptingExecutableInvoker.java:103)
	at org.junit.jupiter.engine.execution.InterceptingExecutableInvoker.lambda$invoke$0(InterceptingExecutableInvoker.java:93)
	at org.junit.jupiter.engine.execution.InvocationInterceptorChain$InterceptedInvocation.proceed(InvocationInterceptorChain.java:106)
	at org.junit.jupiter.engine.execution.InvocationInterceptorChain.proceed(InvocationInterceptorChain.java:64)
	at org.junit.jupiter.engine.execution.InvocationInterceptorChain.chainAndInvoke(InvocationInterceptorChain.java:45)
	at org.junit.jupiter.engine.execution.InvocationInterceptorChain.invoke(InvocationInterceptorChain.java:37)
	at org.junit.jupiter.engine.execution.InterceptingExecutableInvoker.invoke(InterceptingExecutableInvoker.java:92)
	at org.junit.jupiter.engine.execution.InterceptingExecutableInvoker.invoke(InterceptingExecutableInvoker.java:86)
	at org.junit.jupiter.engine.descriptor.TestMethodTestDescriptor.lambda$invokeTestMethod$7(TestMethodTestDescriptor.java:217)
	at org.junit.platform.engine.support.hierarchical.ThrowableCollector.execute(ThrowableCollector.java:73)
	at org.junit.jupiter.engine.descriptor.TestMethodTestDescriptor.invokeTestMethod(TestMethodTestDescriptor.java:213)
	at org.junit.jupiter.engine.descriptor.TestMethodTestDescriptor.execute(TestMethodTestDescriptor.java:138)
	at org.junit.jupiter.engine.descriptor.TestMethodTestDescriptor.execute(TestMethodTestDescriptor.java:68)
	at org.junit.platform.engine.support.hierarchical.NodeTestTask.lambda$executeRecursively$6(NodeTestTask.java:151)
	at org.junit.platform.engine.support.hierarchical.ThrowableCollector.execute(ThrowableCollector.java:73)
	at org.junit.platform.engine.support.hierarchical.NodeTestTask.lambda$executeRecursively$8(NodeTestTask.java:141)
	at org.junit.platform.engine.support.hierarchical.Node.around(Node.java:137)
	at org.junit.platform.engine.support.hierarchical.NodeTestTask.lambda$executeRecursively$9(NodeTestTask.java:139)
	at org.junit.platform.engine.support.hierarchical.ThrowableCollector.execute(ThrowableCollector.java:73)
	at org.junit.platform.engine.support.hierarchical.NodeTestTask.executeRecursively(NodeTestTask.java:138)
	at org.junit.platform.engine.support.hierarchical.NodeTestTask.execute(NodeTestTask.java:95)
	at java.base/java.util.ArrayList.forEach(ArrayList.java:1511)
	at org.junit.platform.engine.support.hierarchical.SameThreadHierarchicalTestExecutorService.invokeAll(SameThreadHierarchicalTestExecutorService.java:41)
	at org.junit.platform.engine.support.hierarchical.NodeTestTask.lambda$executeRecursively$6(NodeTestTask.java:155)
	at org.junit.platform.engine.support.hierarchical.ThrowableCollector.execute(ThrowableCollector.java:73)
	at org.junit.platform.engine.support.hierarchical.NodeTestTask.lambda$executeRecursively$8(NodeTestTask.java:141)
	at org.junit.platform.engine.support.hierarchical.Node.around(Node.java:137)
	at org.junit.platform.engine.support.hierarchical.NodeTestTask.lambda$executeRecursively$9(NodeTestTask.java:139)
	at org.junit.platform.engine.support.hierarchical.ThrowableCollector.execute(ThrowableCollector.java:73)
	at org.junit.platform.engine.support.hierarchical.NodeTestTask.executeRecursively(NodeTestTask.java:138)
	at org.junit.platform.engine.support.hierarchical.NodeTestTask.execute(NodeTestTask.java:95)
	at java.base/java.util.ArrayList.forEach(ArrayList.java:1511)
	at org.junit.platform.engine.support.hierarchical.SameThreadHierarchicalTestExecutorService.invokeAll(SameThreadHierarchicalTestExecutorService.java:41)
	at org.junit.platform.engine.support.hierarchical.NodeTestTask.lambda$executeRecursively$6(NodeTestTask.java:155)
	at org.junit.platform.engine.support.hierarchical.ThrowableCollector.execute(ThrowableCollector.java:73)
	at org.junit.platform.engine.support.hierarchical.NodeTestTask.lambda$executeRecursively$8(NodeTestTask.java:141)
	at org.junit.platform.engine.support.hierarchical.Node.around(Node.java:137)
	at org.junit.platform.engine.support.hierarchical.NodeTestTask.lambda$executeRecursively$9(NodeTestTask.java:139)
	at org.junit.platform.engine.support.hierarchical.ThrowableCollector.execute(ThrowableCollector.java:73)
	at org.junit.platform.engine.support.hierarchical.NodeTestTask.executeRecursively(NodeTestTask.java:138)
	at org.junit.platform.engine.support.hierarchical.NodeTestTask.execute(NodeTestTask.java:95)
	at org.junit.platform.engine.support.hierarchical.SameThreadHierarchicalTestExecutorService.submit(SameThreadHierarchicalTestExecutorService.java:35)
	at org.junit.platform.engine.support.hierarchical.HierarchicalTestExecutor.execute(HierarchicalTestExecutor.java:57)
	at org.junit.platform.engine.support.hierarchical.HierarchicalTestEngine.execute(HierarchicalTestEngine.java:54)
	at org.junit.platform.launcher.core.EngineExecutionOrchestrator.execute(EngineExecutionOrchestrator.java:147)
	at org.junit.platform.launcher.core.EngineExecutionOrchestrator.execute(EngineExecutionOrchestrator.java:127)
	at org.junit.platform.launcher.core.EngineExecutionOrchestrator.execute(EngineExecutionOrchestrator.java:90)
	at org.junit.platform.launcher.core.EngineExecutionOrchestrator.lambda$execute$0(EngineExecutionOrchestrator.java:55)
	at org.junit.platform.launcher.core.EngineExecutionOrchestrator.withInterceptedStreams(EngineExecutionOrchestrator.java:102)
	at org.junit.platform.launcher.core.EngineExecutionOrchestrator.execute(EngineExecutionOrchestrator.java:54)
	at org.junit.platform.launcher.core.DefaultLauncher.execute(DefaultLauncher.java:114)
	at org.junit.platform.launcher.core.DefaultLauncher.execute(DefaultLauncher.java:86)
	at org.junit.platform.launcher.core.DefaultLauncherSession$DelegatingLauncher.execute(DefaultLauncherSession.java:86)
	at org.apache.maven.surefire.junitplatform.LazyLauncher.execute(LazyLauncher.java:50)
	at org.apache.maven.surefire.junitplatform.JUnitPlatformProvider.execute(JUnitPlatformProvider.java:184)
	at org.apache.maven.surefire.junitplatform.JUnitPlatformProvider.invokeAllTests(JUnitPlatformProvider.java:148)
	at org.apache.maven.surefire.junitplatform.JUnitPlatformProvider.invoke(JUnitPlatformProvider.java:122)
	at org.apache.maven.surefire.booter.ForkedBooter.runSuitesInProcess(ForkedBooter.java:385)
	at org.apache.maven.surefire.booter.ForkedBooter.execute(ForkedBooter.java:162)
	at org.apache.maven.surefire.booter.ForkedBooter.run(ForkedBooter.java:507)
	at org.apache.maven.surefire.booter.ForkedBooter.main(ForkedBooter.java:495)
]]></failure>
    <system-out><![CDATA[
  .   ____          _            __ _ _
 /\\ / ___'_ __ _ _(_)_ __  __ _ \ \ \ \
( ( )\___ | '_ | '_| | '_ \/ _` | \ \ \ \
 \\/  ___)| |_)| | | | | || (_| |  ) ) ) )
  '  |____| .__|_| |_|_| |_\__, | / / / /
 =========|_|==============|___/=/_/_/_/
 :: Spring Boot ::                (v3.1.5)

2024-03-04T03:54:46.344+05:30  INFO 22000 --- [           main] .p.s.d.PaymentRequestMessageListenerTest : Starting PaymentRequestMessageListenerTest using Java 17.0.5 with PID 22000 (started by adity in C:\Users\adity\my-space\workstation\workspaces\microservice-design-pattern-projects\food-ordering-system\payment-service\payment-container)
2024-03-04T03:54:46.346+05:30 DEBUG 22000 --- [           main] .p.s.d.PaymentRequestMessageListenerTest : Running with Spring Boot v3.1.5, Spring v6.0.13
2024-03-04T03:54:46.347+05:30  INFO 22000 --- [           main] .p.s.d.PaymentRequestMessageListenerTest : No active profile set, falling back to 1 default profile: "default"
2024-03-04T03:54:46.959+05:30  INFO 22000 --- [           main] .s.d.r.c.RepositoryConfigurationDelegate : Bootstrapping Spring Data JPA repositories in DEFAULT mode.
2024-03-04T03:54:47.020+05:30  INFO 22000 --- [           main] .s.d.r.c.RepositoryConfigurationDelegate : Finished Spring Data repository scanning in 53 ms. Found 4 JPA repository interfaces.
2024-03-04T03:54:47.826+05:30  INFO 22000 --- [           main] com.zaxxer.hikari.HikariDataSource       : HikariPool-1 - Starting...
2024-03-04T03:54:48.150+05:30  INFO 22000 --- [           main] com.zaxxer.hikari.pool.HikariPool        : HikariPool-1 - Added connection org.postgresql.jdbc.PgConnection@66f5b8fe
2024-03-04T03:54:48.152+05:30  INFO 22000 --- [           main] com.zaxxer.hikari.HikariDataSource       : HikariPool-1 - Start completed.
2024-03-04T03:54:48.211+05:30  INFO 22000 --- [           main] o.hibernate.jpa.internal.util.LogHelper  : HHH000204: Processing PersistenceUnitInfo [name: default]
2024-03-04T03:54:48.284+05:30  INFO 22000 --- [           main] org.hibernate.Version                    : HHH000412: Hibernate ORM core version 6.2.13.Final
2024-03-04T03:54:48.287+05:30  INFO 22000 --- [           main] org.hibernate.cfg.Environment            : HHH000406: Using bytecode reflection optimizer
2024-03-04T03:54:48.675+05:30  INFO 22000 --- [           main] o.s.o.j.p.SpringPersistenceUnitInfo      : No LoadTimeWeaver setup: ignoring JPA class transformer
2024-03-04T03:54:48.749+05:30  WARN 22000 --- [           main] org.hibernate.orm.deprecation            : HHH90000025: PostgreSQLDialect does not need to be specified explicitly using 'hibernate.dialect' (remove the property setting and it will be selected by default)
2024-03-04T03:54:49.747+05:30  INFO 22000 --- [           main] o.h.e.t.j.p.i.JtaPlatformInitiator       : HHH000489: No JTA platform available (set 'hibernate.transaction.jta.platform' to enable JTA platform integration)
2024-03-04T03:54:49.751+05:30  INFO 22000 --- [           main] j.LocalContainerEntityManagerFactoryBean : Initialized JPA EntityManagerFactory for persistence unit 'default'
2024-03-04T03:54:50.958+05:30  INFO 22000 --- [           main] o.a.k.clients.consumer.ConsumerConfig    : ConsumerConfig values: 
	allow.auto.create.topics = true
	auto.commit.interval.ms = 5000
	auto.include.jmx.reporter = true
	auto.offset.reset = earliest
	bootstrap.servers = [localhost:19092, localhost:29092, localhost:39092]
	check.crcs = true
	client.dns.lookup = use_all_dns_ips
	client.id = consumer-payment-topic-consumer-1
	client.rack = 
	connections.max.idle.ms = 540000
	default.api.timeout.ms = 60000
	enable.auto.commit = false
	exclude.internal.topics = true
	fetch.max.bytes = 52428800
	fetch.max.wait.ms = 500
	fetch.min.bytes = 1
	group.id = payment-topic-consumer
	group.instance.id = null
	heartbeat.interval.ms = 3000
	interceptor.classes = []
	internal.leave.group.on.close = true
	internal.throw.on.fetch.stable.offset.unsupported = false
	isolation.level = read_uncommitted
	key.deserializer = class org.apache.kafka.common.serialization.StringDeserializer
	max.partition.fetch.bytes = 1048576
	max.poll.interval.ms = 300000
	max.poll.records = 500
	metadata.max.age.ms = 300000
	metric.reporters = []
	metrics.num.samples = 2
	metrics.recording.level = INFO
	metrics.sample.window.ms = 30000
	partition.assignment.strategy = [class org.apache.kafka.clients.consumer.RangeAssignor, class org.apache.kafka.clients.consumer.CooperativeStickyAssignor]
	receive.buffer.bytes = 65536
	reconnect.backoff.max.ms = 1000
	reconnect.backoff.ms = 50
	request.timeout.ms = 30000
	retry.backoff.ms = 100
	sasl.client.callback.handler.class = null
	sasl.jaas.config = null
	sasl.kerberos.kinit.cmd = /usr/bin/kinit
	sasl.kerberos.min.time.before.relogin = 60000
	sasl.kerberos.service.name = null
	sasl.kerberos.ticket.renew.jitter = 0.05
	sasl.kerberos.ticket.renew.window.factor = 0.8
	sasl.login.callback.handler.class = null
	sasl.login.class = null
	sasl.login.connect.timeout.ms = null
	sasl.login.read.timeout.ms = null
	sasl.login.refresh.buffer.seconds = 300
	sasl.login.refresh.min.period.seconds = 60
	sasl.login.refresh.window.factor = 0.8
	sasl.login.refresh.window.jitter = 0.05
	sasl.login.retry.backoff.max.ms = 10000
	sasl.login.retry.backoff.ms = 100
	sasl.mechanism = GSSAPI
	sasl.oauthbearer.clock.skew.seconds = 30
	sasl.oauthbearer.expected.audience = null
	sasl.oauthbearer.expected.issuer = null
	sasl.oauthbearer.jwks.endpoint.refresh.ms = 3600000
	sasl.oauthbearer.jwks.endpoint.retry.backoff.max.ms = 10000
	sasl.oauthbearer.jwks.endpoint.retry.backoff.ms = 100
	sasl.oauthbearer.jwks.endpoint.url = null
	sasl.oauthbearer.scope.claim.name = scope
	sasl.oauthbearer.sub.claim.name = sub
	sasl.oauthbearer.token.endpoint.url = null
	security.protocol = PLAINTEXT
	security.providers = null
	send.buffer.bytes = 131072
	session.timeout.ms = 10000
	socket.connection.setup.timeout.max.ms = 30000
	socket.connection.setup.timeout.ms = 10000
	ssl.cipher.suites = null
	ssl.enabled.protocols = [TLSv1.2, TLSv1.3]
	ssl.endpoint.identification.algorithm = https
	ssl.engine.factory.class = null
	ssl.key.password = null
	ssl.keymanager.algorithm = SunX509
	ssl.keystore.certificate.chain = null
	ssl.keystore.key = null
	ssl.keystore.location = null
	ssl.keystore.password = null
	ssl.keystore.type = JKS
	ssl.protocol = TLSv1.3
	ssl.provider = null
	ssl.secure.random.implementation = null
	ssl.trustmanager.algorithm = PKIX
	ssl.truststore.certificates = null
	ssl.truststore.location = null
	ssl.truststore.password = null
	ssl.truststore.type = JKS
	value.deserializer = class io.confluent.kafka.serializers.KafkaAvroDeserializer

2024-03-04T03:54:51.027+05:30  INFO 22000 --- [           main] i.c.k.s.KafkaAvroDeserializerConfig      : KafkaAvroDeserializerConfig values: 
	auto.register.schemas = true
	avro.reflection.allow.null = false
	avro.use.logical.type.converters = false
	basic.auth.credentials.source = URL
	basic.auth.user.info = [hidden]
	bearer.auth.credentials.source = STATIC_TOKEN
	bearer.auth.token = [hidden]
	context.name.strategy = class io.confluent.kafka.serializers.context.NullContextNameStrategy
	id.compatibility.strict = true
	key.subject.name.strategy = class io.confluent.kafka.serializers.subject.TopicNameStrategy
	latest.compatibility.strict = true
	max.schemas.per.subject = 1000
	normalize.schemas = false
	proxy.host = 
	proxy.port = -1
	schema.reflection = false
	schema.registry.basic.auth.user.info = [hidden]
	schema.registry.ssl.cipher.suites = null
	schema.registry.ssl.enabled.protocols = [TLSv1.2, TLSv1.3]
	schema.registry.ssl.endpoint.identification.algorithm = https
	schema.registry.ssl.engine.factory.class = null
	schema.registry.ssl.key.password = null
	schema.registry.ssl.keymanager.algorithm = SunX509
	schema.registry.ssl.keystore.certificate.chain = null
	schema.registry.ssl.keystore.key = null
	schema.registry.ssl.keystore.location = null
	schema.registry.ssl.keystore.password = null
	schema.registry.ssl.keystore.type = JKS
	schema.registry.ssl.protocol = TLSv1.3
	schema.registry.ssl.provider = null
	schema.registry.ssl.secure.random.implementation = null
	schema.registry.ssl.trustmanager.algorithm = PKIX
	schema.registry.ssl.truststore.certificates = null
	schema.registry.ssl.truststore.location = null
	schema.registry.ssl.truststore.password = null
	schema.registry.ssl.truststore.type = JKS
	schema.registry.url = [http://localhost:8081]
	specific.avro.reader = true
	use.latest.version = false
	use.schema.id = -1
	value.subject.name.strategy = class io.confluent.kafka.serializers.subject.TopicNameStrategy

2024-03-04T03:54:51.143+05:30  INFO 22000 --- [           main] o.a.kafka.common.utils.AppInfoParser     : Kafka version: 3.4.1
2024-03-04T03:54:51.143+05:30  INFO 22000 --- [           main] o.a.kafka.common.utils.AppInfoParser     : Kafka commitId: 8a516edc2755df89
2024-03-04T03:54:51.143+05:30  INFO 22000 --- [           main] o.a.kafka.common.utils.AppInfoParser     : Kafka startTimeMs: 1709504691141
2024-03-04T03:54:51.146+05:30  INFO 22000 --- [           main] fkaConsumerFactory$ExtendedKafkaConsumer : [Consumer clientId=consumer-payment-topic-consumer-1, groupId=payment-topic-consumer] Subscribed to topic(s): payment-request
2024-03-04T03:54:51.155+05:30  INFO 22000 --- [           main] o.a.k.clients.consumer.ConsumerConfig    : ConsumerConfig values: 
	allow.auto.create.topics = true
	auto.commit.interval.ms = 5000
	auto.include.jmx.reporter = true
	auto.offset.reset = earliest
	bootstrap.servers = [localhost:19092, localhost:29092, localhost:39092]
	check.crcs = true
	client.dns.lookup = use_all_dns_ips
	client.id = consumer-payment-topic-consumer-2
	client.rack = 
	connections.max.idle.ms = 540000
	default.api.timeout.ms = 60000
	enable.auto.commit = false
	exclude.internal.topics = true
	fetch.max.bytes = 52428800
	fetch.max.wait.ms = 500
	fetch.min.bytes = 1
	group.id = payment-topic-consumer
	group.instance.id = null
	heartbeat.interval.ms = 3000
	interceptor.classes = []
	internal.leave.group.on.close = true
	internal.throw.on.fetch.stable.offset.unsupported = false
	isolation.level = read_uncommitted
	key.deserializer = class org.apache.kafka.common.serialization.StringDeserializer
	max.partition.fetch.bytes = 1048576
	max.poll.interval.ms = 300000
	max.poll.records = 500
	metadata.max.age.ms = 300000
	metric.reporters = []
	metrics.num.samples = 2
	metrics.recording.level = INFO
	metrics.sample.window.ms = 30000
	partition.assignment.strategy = [class org.apache.kafka.clients.consumer.RangeAssignor, class org.apache.kafka.clients.consumer.CooperativeStickyAssignor]
	receive.buffer.bytes = 65536
	reconnect.backoff.max.ms = 1000
	reconnect.backoff.ms = 50
	request.timeout.ms = 30000
	retry.backoff.ms = 100
	sasl.client.callback.handler.class = null
	sasl.jaas.config = null
	sasl.kerberos.kinit.cmd = /usr/bin/kinit
	sasl.kerberos.min.time.before.relogin = 60000
	sasl.kerberos.service.name = null
	sasl.kerberos.ticket.renew.jitter = 0.05
	sasl.kerberos.ticket.renew.window.factor = 0.8
	sasl.login.callback.handler.class = null
	sasl.login.class = null
	sasl.login.connect.timeout.ms = null
	sasl.login.read.timeout.ms = null
	sasl.login.refresh.buffer.seconds = 300
	sasl.login.refresh.min.period.seconds = 60
	sasl.login.refresh.window.factor = 0.8
	sasl.login.refresh.window.jitter = 0.05
	sasl.login.retry.backoff.max.ms = 10000
	sasl.login.retry.backoff.ms = 100
	sasl.mechanism = GSSAPI
	sasl.oauthbearer.clock.skew.seconds = 30
	sasl.oauthbearer.expected.audience = null
	sasl.oauthbearer.expected.issuer = null
	sasl.oauthbearer.jwks.endpoint.refresh.ms = 3600000
	sasl.oauthbearer.jwks.endpoint.retry.backoff.max.ms = 10000
	sasl.oauthbearer.jwks.endpoint.retry.backoff.ms = 100
	sasl.oauthbearer.jwks.endpoint.url = null
	sasl.oauthbearer.scope.claim.name = scope
	sasl.oauthbearer.sub.claim.name = sub
	sasl.oauthbearer.token.endpoint.url = null
	security.protocol = PLAINTEXT
	security.providers = null
	send.buffer.bytes = 131072
	session.timeout.ms = 10000
	socket.connection.setup.timeout.max.ms = 30000
	socket.connection.setup.timeout.ms = 10000
	ssl.cipher.suites = null
	ssl.enabled.protocols = [TLSv1.2, TLSv1.3]
	ssl.endpoint.identification.algorithm = https
	ssl.engine.factory.class = null
	ssl.key.password = null
	ssl.keymanager.algorithm = SunX509
	ssl.keystore.certificate.chain = null
	ssl.keystore.key = null
	ssl.keystore.location = null
	ssl.keystore.password = null
	ssl.keystore.type = JKS
	ssl.protocol = TLSv1.3
	ssl.provider = null
	ssl.secure.random.implementation = null
	ssl.trustmanager.algorithm = PKIX
	ssl.truststore.certificates = null
	ssl.truststore.location = null
	ssl.truststore.password = null
	ssl.truststore.type = JKS
	value.deserializer = class io.confluent.kafka.serializers.KafkaAvroDeserializer

2024-03-04T03:54:51.156+05:30  INFO 22000 --- [           main] i.c.k.s.KafkaAvroDeserializerConfig      : KafkaAvroDeserializerConfig values: 
	auto.register.schemas = true
	avro.reflection.allow.null = false
	avro.use.logical.type.converters = false
	basic.auth.credentials.source = URL
	basic.auth.user.info = [hidden]
	bearer.auth.credentials.source = STATIC_TOKEN
	bearer.auth.token = [hidden]
	context.name.strategy = class io.confluent.kafka.serializers.context.NullContextNameStrategy
	id.compatibility.strict = true
	key.subject.name.strategy = class io.confluent.kafka.serializers.subject.TopicNameStrategy
	latest.compatibility.strict = true
	max.schemas.per.subject = 1000
	normalize.schemas = false
	proxy.host = 
	proxy.port = -1
	schema.reflection = false
	schema.registry.basic.auth.user.info = [hidden]
	schema.registry.ssl.cipher.suites = null
	schema.registry.ssl.enabled.protocols = [TLSv1.2, TLSv1.3]
	schema.registry.ssl.endpoint.identification.algorithm = https
	schema.registry.ssl.engine.factory.class = null
	schema.registry.ssl.key.password = null
	schema.registry.ssl.keymanager.algorithm = SunX509
	schema.registry.ssl.keystore.certificate.chain = null
	schema.registry.ssl.keystore.key = null
	schema.registry.ssl.keystore.location = null
	schema.registry.ssl.keystore.password = null
	schema.registry.ssl.keystore.type = JKS
	schema.registry.ssl.protocol = TLSv1.3
	schema.registry.ssl.provider = null
	schema.registry.ssl.secure.random.implementation = null
	schema.registry.ssl.trustmanager.algorithm = PKIX
	schema.registry.ssl.truststore.certificates = null
	schema.registry.ssl.truststore.location = null
	schema.registry.ssl.truststore.password = null
	schema.registry.ssl.truststore.type = JKS
	schema.registry.url = [http://localhost:8081]
	specific.avro.reader = true
	use.latest.version = false
	use.schema.id = -1
	value.subject.name.strategy = class io.confluent.kafka.serializers.subject.TopicNameStrategy

2024-03-04T03:54:51.165+05:30  INFO 22000 --- [           main] o.a.kafka.common.utils.AppInfoParser     : Kafka version: 3.4.1
2024-03-04T03:54:51.165+05:30  INFO 22000 --- [           main] o.a.kafka.common.utils.AppInfoParser     : Kafka commitId: 8a516edc2755df89
2024-03-04T03:54:51.171+05:30  INFO 22000 --- [           main] o.a.kafka.common.utils.AppInfoParser     : Kafka startTimeMs: 1709504691165
2024-03-04T03:54:51.172+05:30  INFO 22000 --- [           main] fkaConsumerFactory$ExtendedKafkaConsumer : [Consumer clientId=consumer-payment-topic-consumer-2, groupId=payment-topic-consumer] Subscribed to topic(s): payment-request
2024-03-04T03:54:51.175+05:30  INFO 22000 --- [           main] o.a.k.clients.consumer.ConsumerConfig    : ConsumerConfig values: 
	allow.auto.create.topics = true
	auto.commit.interval.ms = 5000
	auto.include.jmx.reporter = true
	auto.offset.reset = earliest
	bootstrap.servers = [localhost:19092, localhost:29092, localhost:39092]
	check.crcs = true
	client.dns.lookup = use_all_dns_ips
	client.id = consumer-payment-topic-consumer-3
	client.rack = 
	connections.max.idle.ms = 540000
	default.api.timeout.ms = 60000
	enable.auto.commit = false
	exclude.internal.topics = true
	fetch.max.bytes = 52428800
	fetch.max.wait.ms = 500
	fetch.min.bytes = 1
	group.id = payment-topic-consumer
	group.instance.id = null
	heartbeat.interval.ms = 3000
	interceptor.classes = []
	internal.leave.group.on.close = true
	internal.throw.on.fetch.stable.offset.unsupported = false
	isolation.level = read_uncommitted
	key.deserializer = class org.apache.kafka.common.serialization.StringDeserializer
	max.partition.fetch.bytes = 1048576
	max.poll.interval.ms = 300000
	max.poll.records = 500
	metadata.max.age.ms = 300000
	metric.reporters = []
	metrics.num.samples = 2
	metrics.recording.level = INFO
	metrics.sample.window.ms = 30000
	partition.assignment.strategy = [class org.apache.kafka.clients.consumer.RangeAssignor, class org.apache.kafka.clients.consumer.CooperativeStickyAssignor]
	receive.buffer.bytes = 65536
	reconnect.backoff.max.ms = 1000
	reconnect.backoff.ms = 50
	request.timeout.ms = 30000
	retry.backoff.ms = 100
	sasl.client.callback.handler.class = null
	sasl.jaas.config = null
	sasl.kerberos.kinit.cmd = /usr/bin/kinit
	sasl.kerberos.min.time.before.relogin = 60000
	sasl.kerberos.service.name = null
	sasl.kerberos.ticket.renew.jitter = 0.05
	sasl.kerberos.ticket.renew.window.factor = 0.8
	sasl.login.callback.handler.class = null
	sasl.login.class = null
	sasl.login.connect.timeout.ms = null
	sasl.login.read.timeout.ms = null
	sasl.login.refresh.buffer.seconds = 300
	sasl.login.refresh.min.period.seconds = 60
	sasl.login.refresh.window.factor = 0.8
	sasl.login.refresh.window.jitter = 0.05
	sasl.login.retry.backoff.max.ms = 10000
	sasl.login.retry.backoff.ms = 100
	sasl.mechanism = GSSAPI
	sasl.oauthbearer.clock.skew.seconds = 30
	sasl.oauthbearer.expected.audience = null
	sasl.oauthbearer.expected.issuer = null
	sasl.oauthbearer.jwks.endpoint.refresh.ms = 3600000
	sasl.oauthbearer.jwks.endpoint.retry.backoff.max.ms = 10000
	sasl.oauthbearer.jwks.endpoint.retry.backoff.ms = 100
	sasl.oauthbearer.jwks.endpoint.url = null
	sasl.oauthbearer.scope.claim.name = scope
	sasl.oauthbearer.sub.claim.name = sub
	sasl.oauthbearer.token.endpoint.url = null
	security.protocol = PLAINTEXT
	security.providers = null
	send.buffer.bytes = 131072
	session.timeout.ms = 10000
	socket.connection.setup.timeout.max.ms = 30000
	socket.connection.setup.timeout.ms = 10000
	ssl.cipher.suites = null
	ssl.enabled.protocols = [TLSv1.2, TLSv1.3]
	ssl.endpoint.identification.algorithm = https
	ssl.engine.factory.class = null
	ssl.key.password = null
	ssl.keymanager.algorithm = SunX509
	ssl.keystore.certificate.chain = null
	ssl.keystore.key = null
	ssl.keystore.location = null
	ssl.keystore.password = null
	ssl.keystore.type = JKS
	ssl.protocol = TLSv1.3
	ssl.provider = null
	ssl.secure.random.implementation = null
	ssl.trustmanager.algorithm = PKIX
	ssl.truststore.certificates = null
	ssl.truststore.location = null
	ssl.truststore.password = null
	ssl.truststore.type = JKS
	value.deserializer = class io.confluent.kafka.serializers.KafkaAvroDeserializer

2024-03-04T03:54:51.176+05:30  INFO 22000 --- [           main] i.c.k.s.KafkaAvroDeserializerConfig      : KafkaAvroDeserializerConfig values: 
	auto.register.schemas = true
	avro.reflection.allow.null = false
	avro.use.logical.type.converters = false
	basic.auth.credentials.source = URL
	basic.auth.user.info = [hidden]
	bearer.auth.credentials.source = STATIC_TOKEN
	bearer.auth.token = [hidden]
	context.name.strategy = class io.confluent.kafka.serializers.context.NullContextNameStrategy
	id.compatibility.strict = true
	key.subject.name.strategy = class io.confluent.kafka.serializers.subject.TopicNameStrategy
	latest.compatibility.strict = true
	max.schemas.per.subject = 1000
	normalize.schemas = false
	proxy.host = 
	proxy.port = -1
	schema.reflection = false
	schema.registry.basic.auth.user.info = [hidden]
	schema.registry.ssl.cipher.suites = null
	schema.registry.ssl.enabled.protocols = [TLSv1.2, TLSv1.3]
	schema.registry.ssl.endpoint.identification.algorithm = https
	schema.registry.ssl.engine.factory.class = null
	schema.registry.ssl.key.password = null
	schema.registry.ssl.keymanager.algorithm = SunX509
	schema.registry.ssl.keystore.certificate.chain = null
	schema.registry.ssl.keystore.key = null
	schema.registry.ssl.keystore.location = null
	schema.registry.ssl.keystore.password = null
	schema.registry.ssl.keystore.type = JKS
	schema.registry.ssl.protocol = TLSv1.3
	schema.registry.ssl.provider = null
	schema.registry.ssl.secure.random.implementation = null
	schema.registry.ssl.trustmanager.algorithm = PKIX
	schema.registry.ssl.truststore.certificates = null
	schema.registry.ssl.truststore.location = null
	schema.registry.ssl.truststore.password = null
	schema.registry.ssl.truststore.type = JKS
	schema.registry.url = [http://localhost:8081]
	specific.avro.reader = true
	use.latest.version = false
	use.schema.id = -1
	value.subject.name.strategy = class io.confluent.kafka.serializers.subject.TopicNameStrategy

2024-03-04T03:54:51.184+05:30  INFO 22000 --- [           main] o.a.kafka.common.utils.AppInfoParser     : Kafka version: 3.4.1
2024-03-04T03:54:51.184+05:30  INFO 22000 --- [           main] o.a.kafka.common.utils.AppInfoParser     : Kafka commitId: 8a516edc2755df89
2024-03-04T03:54:51.184+05:30  INFO 22000 --- [           main] o.a.kafka.common.utils.AppInfoParser     : Kafka startTimeMs: 1709504691184
2024-03-04T03:54:51.184+05:30  INFO 22000 --- [           main] fkaConsumerFactory$ExtendedKafkaConsumer : [Consumer clientId=consumer-payment-topic-consumer-3, groupId=payment-topic-consumer] Subscribed to topic(s): payment-request
2024-03-04T03:54:51.200+05:30  INFO 22000 --- [           main] .p.s.d.PaymentRequestMessageListenerTest : Started PaymentRequestMessageListenerTest in 5.219 seconds (process running for 6.24)
Hibernate: select o1_0.id,o1_0.created_at,o1_0.outbox_status,o1_0.payload,o1_0.payment_status,o1_0.processed_at,o1_0.saga_id,o1_0.type,o1_0.version from order_outbox o1_0 where o1_0.type=? and o1_0.saga_id=? and o1_0.payment_status=? and o1_0.outbox_status=?
Hibernate: select o1_0.id,o1_0.created_at,o1_0.outbox_status,o1_0.payload,o1_0.payment_status,o1_0.processed_at,o1_0.saga_id,o1_0.type,o1_0.version from order_outbox o1_0 where o1_0.type=? and o1_0.saga_id=? and o1_0.payment_status=? and o1_0.outbox_status=?
2024-03-04T03:54:51.581+05:30  INFO 22000 --- [-consumer-0-C-1] org.apache.kafka.clients.Metadata        : [Consumer clientId=consumer-payment-topic-consumer-1, groupId=payment-topic-consumer] Resetting the last seen epoch of partition payment-request-0 to 0 since the associated topicId changed from null to DwaiXNBSQqegvlGotJkk0Q
2024-03-04T03:54:51.581+05:30  INFO 22000 --- [-consumer-1-C-1] org.apache.kafka.clients.Metadata        : [Consumer clientId=consumer-payment-topic-consumer-2, groupId=payment-topic-consumer] Resetting the last seen epoch of partition payment-request-0 to 0 since the associated topicId changed from null to DwaiXNBSQqegvlGotJkk0Q
2024-03-04T03:54:51.581+05:30  INFO 22000 --- [-consumer-2-C-1] org.apache.kafka.clients.Metadata        : [Consumer clientId=consumer-payment-topic-consumer-3, groupId=payment-topic-consumer] Resetting the last seen epoch of partition payment-request-0 to 0 since the associated topicId changed from null to DwaiXNBSQqegvlGotJkk0Q
2024-03-04T03:54:51.581+05:30  INFO 22000 --- [-consumer-0-C-1] org.apache.kafka.clients.Metadata        : [Consumer clientId=consumer-payment-topic-consumer-1, groupId=payment-topic-consumer] Resetting the last seen epoch of partition payment-request-2 to 0 since the associated topicId changed from null to DwaiXNBSQqegvlGotJkk0Q
2024-03-04T03:54:51.581+05:30  INFO 22000 --- [-consumer-1-C-1] org.apache.kafka.clients.Metadata        : [Consumer clientId=consumer-payment-topic-consumer-2, groupId=payment-topic-consumer] Resetting the last seen epoch of partition payment-request-2 to 0 since the associated topicId changed from null to DwaiXNBSQqegvlGotJkk0Q
2024-03-04T03:54:51.581+05:30  INFO 22000 --- [-consumer-0-C-1] org.apache.kafka.clients.Metadata        : [Consumer clientId=consumer-payment-topic-consumer-1, groupId=payment-topic-consumer] Resetting the last seen epoch of partition payment-request-1 to 0 since the associated topicId changed from null to DwaiXNBSQqegvlGotJkk0Q
2024-03-04T03:54:51.581+05:30  INFO 22000 --- [-consumer-2-C-1] org.apache.kafka.clients.Metadata        : [Consumer clientId=consumer-payment-topic-consumer-3, groupId=payment-topic-consumer] Resetting the last seen epoch of partition payment-request-2 to 0 since the associated topicId changed from null to DwaiXNBSQqegvlGotJkk0Q
2024-03-04T03:54:51.582+05:30  INFO 22000 --- [-consumer-1-C-1] org.apache.kafka.clients.Metadata        : [Consumer clientId=consumer-payment-topic-consumer-2, groupId=payment-topic-consumer] Resetting the last seen epoch of partition payment-request-1 to 0 since the associated topicId changed from null to DwaiXNBSQqegvlGotJkk0Q
2024-03-04T03:54:51.582+05:30  INFO 22000 --- [-consumer-2-C-1] org.apache.kafka.clients.Metadata        : [Consumer clientId=consumer-payment-topic-consumer-3, groupId=payment-topic-consumer] Resetting the last seen epoch of partition payment-request-1 to 0 since the associated topicId changed from null to DwaiXNBSQqegvlGotJkk0Q
2024-03-04T03:54:51.584+05:30  INFO 22000 --- [-consumer-1-C-1] org.apache.kafka.clients.Metadata        : [Consumer clientId=consumer-payment-topic-consumer-2, groupId=payment-topic-consumer] Cluster ID: 5fVlwkvFT9ubVMuZYZnXGw
2024-03-04T03:54:51.584+05:30  INFO 22000 --- [-consumer-2-C-1] org.apache.kafka.clients.Metadata        : [Consumer clientId=consumer-payment-topic-consumer-3, groupId=payment-topic-consumer] Cluster ID: 5fVlwkvFT9ubVMuZYZnXGw
2024-03-04T03:54:51.584+05:30  INFO 22000 --- [-consumer-0-C-1] org.apache.kafka.clients.Metadata        : [Consumer clientId=consumer-payment-topic-consumer-1, groupId=payment-topic-consumer] Cluster ID: 5fVlwkvFT9ubVMuZYZnXGw
2024-03-04T03:54:51.585+05:30  INFO 22000 --- [pool-3-thread-2] c.f.o.s.p.s.domain.PaymentRequestHelper  : Received payment complete event for order id: bc290957-9e56-443d-b808-71646a075ce4
2024-03-04T03:54:51.585+05:30  INFO 22000 --- [pool-3-thread-1] c.f.o.s.p.s.domain.PaymentRequestHelper  : Received payment complete event for order id: 620a4959-6922-485b-af2b-daee5f51b6b6
2024-03-04T03:54:51.586+05:30  INFO 22000 --- [-consumer-0-C-1] o.a.k.c.c.internals.ConsumerCoordinator  : [Consumer clientId=consumer-payment-topic-consumer-1, groupId=payment-topic-consumer] Discovered group coordinator localhost:19092 (id: 2147483646 rack: null)
2024-03-04T03:54:51.586+05:30  INFO 22000 --- [-consumer-2-C-1] o.a.k.c.c.internals.ConsumerCoordinator  : [Consumer clientId=consumer-payment-topic-consumer-3, groupId=payment-topic-consumer] Discovered group coordinator localhost:19092 (id: 2147483646 rack: null)
2024-03-04T03:54:51.586+05:30  INFO 22000 --- [-consumer-1-C-1] o.a.k.c.c.internals.ConsumerCoordinator  : [Consumer clientId=consumer-payment-topic-consumer-2, groupId=payment-topic-consumer] Discovered group coordinator localhost:19092 (id: 2147483646 rack: null)
2024-03-04T03:54:51.588+05:30  INFO 22000 --- [-consumer-2-C-1] o.a.k.c.c.internals.ConsumerCoordinator  : [Consumer clientId=consumer-payment-topic-consumer-3, groupId=payment-topic-consumer] (Re-)joining group
Hibernate: select c1_0.id,c1_0.customer_id,c1_0.total_credit_amount from credit_entry c1_0 where c1_0.customer_id=?
2024-03-04T03:54:51.590+05:30  INFO 22000 --- [-consumer-0-C-1] o.a.k.c.c.internals.ConsumerCoordinator  : [Consumer clientId=consumer-payment-topic-consumer-1, groupId=payment-topic-consumer] (Re-)joining group
Hibernate: select c1_0.id,c1_0.customer_id,c1_0.total_credit_amount from credit_entry c1_0 where c1_0.customer_id=?
2024-03-04T03:54:51.590+05:30  INFO 22000 --- [-consumer-1-C-1] o.a.k.c.c.internals.ConsumerCoordinator  : [Consumer clientId=consumer-payment-topic-consumer-2, groupId=payment-topic-consumer] (Re-)joining group
2024-03-04T03:54:51.615+05:30  INFO 22000 --- [-consumer-1-C-1] o.a.k.c.c.internals.ConsumerCoordinator  : [Consumer clientId=consumer-payment-topic-consumer-2, groupId=payment-topic-consumer] Request joining group due to: need to re-join with the given member-id: consumer-payment-topic-consumer-2-6ab77f3d-74c7-48be-bcc7-35c364548a99
2024-03-04T03:54:51.615+05:30  INFO 22000 --- [-consumer-2-C-1] o.a.k.c.c.internals.ConsumerCoordinator  : [Consumer clientId=consumer-payment-topic-consumer-3, groupId=payment-topic-consumer] Request joining group due to: need to re-join with the given member-id: consumer-payment-topic-consumer-3-1a113006-f394-471a-bc89-89b11ca924a1
2024-03-04T03:54:51.615+05:30  INFO 22000 --- [-consumer-0-C-1] o.a.k.c.c.internals.ConsumerCoordinator  : [Consumer clientId=consumer-payment-topic-consumer-1, groupId=payment-topic-consumer] Request joining group due to: need to re-join with the given member-id: consumer-payment-topic-consumer-1-c5e632bb-7cf9-458f-adfd-f6e3d3036863
2024-03-04T03:54:51.615+05:30  INFO 22000 --- [-consumer-1-C-1] o.a.k.c.c.internals.ConsumerCoordinator  : [Consumer clientId=consumer-payment-topic-consumer-2, groupId=payment-topic-consumer] Request joining group due to: rebalance failed due to 'The group member needs to have a valid member id before actually entering a consumer group.' (MemberIdRequiredException)
2024-03-04T03:54:51.615+05:30  INFO 22000 --- [-consumer-2-C-1] o.a.k.c.c.internals.ConsumerCoordinator  : [Consumer clientId=consumer-payment-topic-consumer-3, groupId=payment-topic-consumer] Request joining group due to: rebalance failed due to 'The group member needs to have a valid member id before actually entering a consumer group.' (MemberIdRequiredException)
2024-03-04T03:54:51.616+05:30  INFO 22000 --- [-consumer-1-C-1] o.a.k.c.c.internals.ConsumerCoordinator  : [Consumer clientId=consumer-payment-topic-consumer-2, groupId=payment-topic-consumer] (Re-)joining group
2024-03-04T03:54:51.616+05:30  INFO 22000 --- [-consumer-0-C-1] o.a.k.c.c.internals.ConsumerCoordinator  : [Consumer clientId=consumer-payment-topic-consumer-1, groupId=payment-topic-consumer] Request joining group due to: rebalance failed due to 'The group member needs to have a valid member id before actually entering a consumer group.' (MemberIdRequiredException)
2024-03-04T03:54:51.616+05:30  INFO 22000 --- [-consumer-2-C-1] o.a.k.c.c.internals.ConsumerCoordinator  : [Consumer clientId=consumer-payment-topic-consumer-3, groupId=payment-topic-consumer] (Re-)joining group
2024-03-04T03:54:51.616+05:30  INFO 22000 --- [-consumer-0-C-1] o.a.k.c.c.internals.ConsumerCoordinator  : [Consumer clientId=consumer-payment-topic-consumer-1, groupId=payment-topic-consumer] (Re-)joining group
Hibernate: select c1_0.id,c1_0.amount,c1_0.customer_id,c1_0.type from credit_history c1_0 where c1_0.customer_id=?
Hibernate: select c1_0.id,c1_0.amount,c1_0.customer_id,c1_0.type from credit_history c1_0 where c1_0.customer_id=?
2024-03-04T03:54:51.631+05:30 ERROR 22000 --- [pool-3-thread-1] c.f.o.s.p.s.d.PaymentDomainServiceImpl   : Customer with id: d215b5f8-0249-4dc5-89a3-51fd148cfb41 doesn't have enough credit for payment!
2024-03-04T03:54:51.631+05:30 ERROR 22000 --- [pool-3-thread-2] c.f.o.s.p.s.d.PaymentDomainServiceImpl   : Customer with id: d215b5f8-0249-4dc5-89a3-51fd148cfb41 doesn't have enough credit for payment!
2024-03-04T03:54:51.632+05:30 ERROR 22000 --- [pool-3-thread-1] c.f.o.s.p.s.d.PaymentDomainServiceImpl   : Customer with id: d215b5f8-0249-4dc5-89a3-51fd148cfb41 doesn't have enough credit according to credit history
2024-03-04T03:54:51.632+05:30 ERROR 22000 --- [pool-3-thread-2] c.f.o.s.p.s.d.PaymentDomainServiceImpl   : Customer with id: d215b5f8-0249-4dc5-89a3-51fd148cfb41 doesn't have enough credit according to credit history
2024-03-04T03:54:51.632+05:30  INFO 22000 --- [pool-3-thread-1] c.f.o.s.p.s.d.PaymentDomainServiceImpl   : Payment initiation is failed for order id: 620a4959-6922-485b-af2b-daee5f51b6b6
2024-03-04T03:54:51.632+05:30  INFO 22000 --- [pool-3-thread-2] c.f.o.s.p.s.d.PaymentDomainServiceImpl   : Payment initiation is failed for order id: bc290957-9e56-443d-b808-71646a075ce4
Hibernate: select p1_0.id,p1_0.created_at,p1_0.customer_id,p1_0.order_id,p1_0.price,p1_0.status from payments p1_0 where p1_0.id=?
Hibernate: select p1_0.id,p1_0.created_at,p1_0.customer_id,p1_0.order_id,p1_0.price,p1_0.status from payments p1_0 where p1_0.id=?
Hibernate: select o1_0.id,o1_0.created_at,o1_0.outbox_status,o1_0.payload,o1_0.payment_status,o1_0.processed_at,o1_0.saga_id,o1_0.type,o1_0.version from order_outbox o1_0 where o1_0.id=?
Hibernate: select o1_0.id,o1_0.created_at,o1_0.outbox_status,o1_0.payload,o1_0.payment_status,o1_0.processed_at,o1_0.saga_id,o1_0.type,o1_0.version from order_outbox o1_0 where o1_0.id=?
2024-03-04T03:54:51.709+05:30  INFO 22000 --- [pool-3-thread-2] c.f.o.s.p.s.d.o.s.OrderOutboxHelper      : OrderOutboxMessage is saved with id: 6b81a084-6e19-4bd2-acbc-284971920630
2024-03-04T03:54:51.709+05:30  INFO 22000 --- [pool-3-thread-1] c.f.o.s.p.s.d.o.s.OrderOutboxHelper      : OrderOutboxMessage is saved with id: fc238eb2-8be8-49c8-a24e-a1fe42cde38c
Hibernate: insert into payments (created_at,customer_id,order_id,price,status,id) values (?,?,?,?,?,?)
Hibernate: insert into payments (created_at,customer_id,order_id,price,status,id) values (?,?,?,?,?,?)
Hibernate: insert into order_outbox (created_at,outbox_status,payload,payment_status,processed_at,saga_id,type,version,id) values (?,?,?,?,?,?,?,?,?)
Hibernate: insert into order_outbox (created_at,outbox_status,payload,payment_status,processed_at,saga_id,type,version,id) values (?,?,?,?,?,?,?,?,?)
2024-03-04T03:54:51.744+05:30  WARN 22000 --- [pool-3-thread-1] o.h.engine.jdbc.spi.SqlExceptionHelper   : SQL Error: 0, SQLState: 23505
2024-03-04T03:54:51.745+05:30 ERROR 22000 --- [pool-3-thread-1] o.h.engine.jdbc.spi.SqlExceptionHelper   : ERROR: duplicate key value violates unique constraint "payment_order_outbox_saga_id_payment_status_outbox_status"
  Detail: Key (type, saga_id, payment_status, outbox_status)=(OrderProcessingSaga, eeb0dd38-74ce-412f-9034-9135cbb5a7f4, FAILED, STARTED) already exists.
2024-03-04T03:54:51.751+05:30 ERROR 22000 --- [pool-3-thread-1] .p.s.d.PaymentRequestMessageListenerTest : DataAccessException occurred for thread 1 with sql state: 23505
Hibernate: select o1_0.id,o1_0.created_at,o1_0.outbox_status,o1_0.payload,o1_0.payment_status,o1_0.processed_at,o1_0.saga_id,o1_0.type,o1_0.version from order_outbox o1_0 where o1_0.type=? and o1_0.saga_id=? and o1_0.payment_status=? and o1_0.outbox_status=?
]]></system-out>
  </testcase>
  <testcase name="testDoublePayment" classname="com.food.ordering.system.payment.service.domain.PaymentRequestMessageListenerTest" time="0.042">
    <failure message="expected: &lt;true&gt; but was: &lt;false&gt;" type="org.opentest4j.AssertionFailedError"><![CDATA[org.opentest4j.AssertionFailedError: expected: <true> but was: <false>
	at org.junit.jupiter.api.AssertionFailureBuilder.build(AssertionFailureBuilder.java:151)
	at org.junit.jupiter.api.AssertionFailureBuilder.buildAndThrow(AssertionFailureBuilder.java:132)
	at org.junit.jupiter.api.AssertTrue.failNotTrue(AssertTrue.java:63)
	at org.junit.jupiter.api.AssertTrue.assertTrue(AssertTrue.java:36)
	at org.junit.jupiter.api.AssertTrue.assertTrue(AssertTrue.java:31)
	at org.junit.jupiter.api.Assertions.assertTrue(Assertions.java:180)
	at com.food.ordering.system.payment.service.domain.PaymentRequestMessageListenerTest.assertOrderOutbox(PaymentRequestMessageListenerTest.java:99)
	at com.food.ordering.system.payment.service.domain.PaymentRequestMessageListenerTest.testDoublePayment(PaymentRequestMessageListenerTest.java:51)
	at java.base/jdk.internal.reflect.NativeMethodAccessorImpl.invoke0(Native Method)
	at java.base/jdk.internal.reflect.NativeMethodAccessorImpl.invoke(NativeMethodAccessorImpl.java:77)
	at java.base/jdk.internal.reflect.DelegatingMethodAccessorImpl.invoke(DelegatingMethodAccessorImpl.java:43)
	at java.base/java.lang.reflect.Method.invoke(Method.java:568)
	at org.junit.platform.commons.util.ReflectionUtils.invokeMethod(ReflectionUtils.java:727)
	at org.junit.jupiter.engine.execution.MethodInvocation.proceed(MethodInvocation.java:60)
	at org.junit.jupiter.engine.execution.InvocationInterceptorChain$ValidatingInvocation.proceed(InvocationInterceptorChain.java:131)
	at org.junit.jupiter.engine.extension.TimeoutExtension.intercept(TimeoutExtension.java:156)
	at org.junit.jupiter.engine.extension.TimeoutExtension.interceptTestableMethod(TimeoutExtension.java:147)
	at org.junit.jupiter.engine.extension.TimeoutExtension.interceptTestMethod(TimeoutExtension.java:86)
	at org.junit.jupiter.engine.execution.InterceptingExecutableInvoker$ReflectiveInterceptorCall.lambda$ofVoidMethod$0(InterceptingExecutableInvoker.java:103)
	at org.junit.jupiter.engine.execution.InterceptingExecutableInvoker.lambda$invoke$0(InterceptingExecutableInvoker.java:93)
	at org.junit.jupiter.engine.execution.InvocationInterceptorChain$InterceptedInvocation.proceed(InvocationInterceptorChain.java:106)
	at org.junit.jupiter.engine.execution.InvocationInterceptorChain.proceed(InvocationInterceptorChain.java:64)
	at org.junit.jupiter.engine.execution.InvocationInterceptorChain.chainAndInvoke(InvocationInterceptorChain.java:45)
	at org.junit.jupiter.engine.execution.InvocationInterceptorChain.invoke(InvocationInterceptorChain.java:37)
	at org.junit.jupiter.engine.execution.InterceptingExecutableInvoker.invoke(InterceptingExecutableInvoker.java:92)
	at org.junit.jupiter.engine.execution.InterceptingExecutableInvoker.invoke(InterceptingExecutableInvoker.java:86)
	at org.junit.jupiter.engine.descriptor.TestMethodTestDescriptor.lambda$invokeTestMethod$7(TestMethodTestDescriptor.java:217)
	at org.junit.platform.engine.support.hierarchical.ThrowableCollector.execute(ThrowableCollector.java:73)
	at org.junit.jupiter.engine.descriptor.TestMethodTestDescriptor.invokeTestMethod(TestMethodTestDescriptor.java:213)
	at org.junit.jupiter.engine.descriptor.TestMethodTestDescriptor.execute(TestMethodTestDescriptor.java:138)
	at org.junit.jupiter.engine.descriptor.TestMethodTestDescriptor.execute(TestMethodTestDescriptor.java:68)
	at org.junit.platform.engine.support.hierarchical.NodeTestTask.lambda$executeRecursively$6(NodeTestTask.java:151)
	at org.junit.platform.engine.support.hierarchical.ThrowableCollector.execute(ThrowableCollector.java:73)
	at org.junit.platform.engine.support.hierarchical.NodeTestTask.lambda$executeRecursively$8(NodeTestTask.java:141)
	at org.junit.platform.engine.support.hierarchical.Node.around(Node.java:137)
	at org.junit.platform.engine.support.hierarchical.NodeTestTask.lambda$executeRecursively$9(NodeTestTask.java:139)
	at org.junit.platform.engine.support.hierarchical.ThrowableCollector.execute(ThrowableCollector.java:73)
	at org.junit.platform.engine.support.hierarchical.NodeTestTask.executeRecursively(NodeTestTask.java:138)
	at org.junit.platform.engine.support.hierarchical.NodeTestTask.execute(NodeTestTask.java:95)
	at java.base/java.util.ArrayList.forEach(ArrayList.java:1511)
	at org.junit.platform.engine.support.hierarchical.SameThreadHierarchicalTestExecutorService.invokeAll(SameThreadHierarchicalTestExecutorService.java:41)
	at org.junit.platform.engine.support.hierarchical.NodeTestTask.lambda$executeRecursively$6(NodeTestTask.java:155)
	at org.junit.platform.engine.support.hierarchical.ThrowableCollector.execute(ThrowableCollector.java:73)
	at org.junit.platform.engine.support.hierarchical.NodeTestTask.lambda$executeRecursively$8(NodeTestTask.java:141)
	at org.junit.platform.engine.support.hierarchical.Node.around(Node.java:137)
	at org.junit.platform.engine.support.hierarchical.NodeTestTask.lambda$executeRecursively$9(NodeTestTask.java:139)
	at org.junit.platform.engine.support.hierarchical.ThrowableCollector.execute(ThrowableCollector.java:73)
	at org.junit.platform.engine.support.hierarchical.NodeTestTask.executeRecursively(NodeTestTask.java:138)
	at org.junit.platform.engine.support.hierarchical.NodeTestTask.execute(NodeTestTask.java:95)
	at java.base/java.util.ArrayList.forEach(ArrayList.java:1511)
	at org.junit.platform.engine.support.hierarchical.SameThreadHierarchicalTestExecutorService.invokeAll(SameThreadHierarchicalTestExecutorService.java:41)
	at org.junit.platform.engine.support.hierarchical.NodeTestTask.lambda$executeRecursively$6(NodeTestTask.java:155)
	at org.junit.platform.engine.support.hierarchical.ThrowableCollector.execute(ThrowableCollector.java:73)
	at org.junit.platform.engine.support.hierarchical.NodeTestTask.lambda$executeRecursively$8(NodeTestTask.java:141)
	at org.junit.platform.engine.support.hierarchical.Node.around(Node.java:137)
	at org.junit.platform.engine.support.hierarchical.NodeTestTask.lambda$executeRecursively$9(NodeTestTask.java:139)
	at org.junit.platform.engine.support.hierarchical.ThrowableCollector.execute(ThrowableCollector.java:73)
	at org.junit.platform.engine.support.hierarchical.NodeTestTask.executeRecursively(NodeTestTask.java:138)
	at org.junit.platform.engine.support.hierarchical.NodeTestTask.execute(NodeTestTask.java:95)
	at org.junit.platform.engine.support.hierarchical.SameThreadHierarchicalTestExecutorService.submit(SameThreadHierarchicalTestExecutorService.java:35)
	at org.junit.platform.engine.support.hierarchical.HierarchicalTestExecutor.execute(HierarchicalTestExecutor.java:57)
	at org.junit.platform.engine.support.hierarchical.HierarchicalTestEngine.execute(HierarchicalTestEngine.java:54)
	at org.junit.platform.launcher.core.EngineExecutionOrchestrator.execute(EngineExecutionOrchestrator.java:147)
	at org.junit.platform.launcher.core.EngineExecutionOrchestrator.execute(EngineExecutionOrchestrator.java:127)
	at org.junit.platform.launcher.core.EngineExecutionOrchestrator.execute(EngineExecutionOrchestrator.java:90)
	at org.junit.platform.launcher.core.EngineExecutionOrchestrator.lambda$execute$0(EngineExecutionOrchestrator.java:55)
	at org.junit.platform.launcher.core.EngineExecutionOrchestrator.withInterceptedStreams(EngineExecutionOrchestrator.java:102)
	at org.junit.platform.launcher.core.EngineExecutionOrchestrator.execute(EngineExecutionOrchestrator.java:54)
	at org.junit.platform.launcher.core.DefaultLauncher.execute(DefaultLauncher.java:114)
	at org.junit.platform.launcher.core.DefaultLauncher.execute(DefaultLauncher.java:86)
	at org.junit.platform.launcher.core.DefaultLauncherSession$DelegatingLauncher.execute(DefaultLauncherSession.java:86)
	at org.apache.maven.surefire.junitplatform.LazyLauncher.execute(LazyLauncher.java:50)
	at org.apache.maven.surefire.junitplatform.JUnitPlatformProvider.execute(JUnitPlatformProvider.java:184)
	at org.apache.maven.surefire.junitplatform.JUnitPlatformProvider.invokeAllTests(JUnitPlatformProvider.java:148)
	at org.apache.maven.surefire.junitplatform.JUnitPlatformProvider.invoke(JUnitPlatformProvider.java:122)
	at org.apache.maven.surefire.booter.ForkedBooter.runSuitesInProcess(ForkedBooter.java:385)
	at org.apache.maven.surefire.booter.ForkedBooter.execute(ForkedBooter.java:162)
	at org.apache.maven.surefire.booter.ForkedBooter.run(ForkedBooter.java:507)
	at org.apache.maven.surefire.booter.ForkedBooter.main(ForkedBooter.java:495)
]]></failure>
    <system-out><![CDATA[Hibernate: select o1_0.id,o1_0.created_at,o1_0.outbox_status,o1_0.payload,o1_0.payment_status,o1_0.processed_at,o1_0.saga_id,o1_0.type,o1_0.version from order_outbox o1_0 where o1_0.type=? and o1_0.saga_id=? and o1_0.payment_status=? and o1_0.outbox_status=?
2024-03-04T03:54:51.812+05:30  INFO 22000 --- [           main] c.f.o.s.p.s.domain.PaymentRequestHelper  : Received payment complete event for order id: f07933a4-e627-4ee3-9405-968f400cbdca
Hibernate: select c1_0.id,c1_0.customer_id,c1_0.total_credit_amount from credit_entry c1_0 where c1_0.customer_id=?
Hibernate: select c1_0.id,c1_0.amount,c1_0.customer_id,c1_0.type from credit_history c1_0 where c1_0.customer_id=?
2024-03-04T03:54:51.817+05:30 ERROR 22000 --- [           main] c.f.o.s.p.s.d.PaymentDomainServiceImpl   : Customer with id: d215b5f8-0249-4dc5-89a3-51fd148cfb41 doesn't have enough credit for payment!
2024-03-04T03:54:51.817+05:30 ERROR 22000 --- [           main] c.f.o.s.p.s.d.PaymentDomainServiceImpl   : Customer with id: d215b5f8-0249-4dc5-89a3-51fd148cfb41 doesn't have enough credit according to credit history
2024-03-04T03:54:51.817+05:30  INFO 22000 --- [           main] c.f.o.s.p.s.d.PaymentDomainServiceImpl   : Payment initiation is failed for order id: f07933a4-e627-4ee3-9405-968f400cbdca
Hibernate: select p1_0.id,p1_0.created_at,p1_0.customer_id,p1_0.order_id,p1_0.price,p1_0.status from payments p1_0 where p1_0.id=?
Hibernate: select o1_0.id,o1_0.created_at,o1_0.outbox_status,o1_0.payload,o1_0.payment_status,o1_0.processed_at,o1_0.saga_id,o1_0.type,o1_0.version from order_outbox o1_0 where o1_0.id=?
2024-03-04T03:54:51.821+05:30  INFO 22000 --- [           main] c.f.o.s.p.s.d.o.s.OrderOutboxHelper      : OrderOutboxMessage is saved with id: 806653d5-0817-4bfd-84c0-14b0bbfc63f7
Hibernate: insert into payments (created_at,customer_id,order_id,price,status,id) values (?,?,?,?,?,?)
Hibernate: insert into order_outbox (created_at,outbox_status,payload,payment_status,processed_at,saga_id,type,version,id) values (?,?,?,?,?,?,?,?,?)
Hibernate: select o1_0.id,o1_0.created_at,o1_0.outbox_status,o1_0.payload,o1_0.payment_status,o1_0.processed_at,o1_0.saga_id,o1_0.type,o1_0.version from order_outbox o1_0 where o1_0.type=? and o1_0.saga_id=? and o1_0.payment_status=? and o1_0.outbox_status=?
2024-03-04T03:54:51.829+05:30  INFO 22000 --- [           main] c.f.o.s.p.s.domain.PaymentRequestHelper  : Received payment complete event for order id: 7882761d-e807-4ad1-859e-53a93c96e87d
Hibernate: select c1_0.id,c1_0.customer_id,c1_0.total_credit_amount from credit_entry c1_0 where c1_0.customer_id=?
Hibernate: select c1_0.id,c1_0.amount,c1_0.customer_id,c1_0.type from credit_history c1_0 where c1_0.customer_id=?
2024-03-04T03:54:51.835+05:30 ERROR 22000 --- [           main] c.f.o.s.p.s.d.PaymentDomainServiceImpl   : Customer with id: d215b5f8-0249-4dc5-89a3-51fd148cfb41 doesn't have enough credit for payment!
2024-03-04T03:54:51.835+05:30 ERROR 22000 --- [           main] c.f.o.s.p.s.d.PaymentDomainServiceImpl   : Customer with id: d215b5f8-0249-4dc5-89a3-51fd148cfb41 doesn't have enough credit according to credit history
2024-03-04T03:54:51.835+05:30  INFO 22000 --- [           main] c.f.o.s.p.s.d.PaymentDomainServiceImpl   : Payment initiation is failed for order id: 7882761d-e807-4ad1-859e-53a93c96e87d
Hibernate: select p1_0.id,p1_0.created_at,p1_0.customer_id,p1_0.order_id,p1_0.price,p1_0.status from payments p1_0 where p1_0.id=?
Hibernate: select o1_0.id,o1_0.created_at,o1_0.outbox_status,o1_0.payload,o1_0.payment_status,o1_0.processed_at,o1_0.saga_id,o1_0.type,o1_0.version from order_outbox o1_0 where o1_0.id=?
2024-03-04T03:54:51.838+05:30  INFO 22000 --- [           main] c.f.o.s.p.s.d.o.s.OrderOutboxHelper      : OrderOutboxMessage is saved with id: 1ca7e4ee-6cdf-4b39-9f8b-a99b4abdad54
Hibernate: insert into payments (created_at,customer_id,order_id,price,status,id) values (?,?,?,?,?,?)
Hibernate: insert into order_outbox (created_at,outbox_status,payload,payment_status,processed_at,saga_id,type,version,id) values (?,?,?,?,?,?,?,?,?)
2024-03-04T03:54:51.841+05:30  WARN 22000 --- [           main] o.h.engine.jdbc.spi.SqlExceptionHelper   : SQL Error: 0, SQLState: 23505
2024-03-04T03:54:51.842+05:30 ERROR 22000 --- [           main] o.h.engine.jdbc.spi.SqlExceptionHelper   : ERROR: duplicate key value violates unique constraint "payment_order_outbox_saga_id_payment_status_outbox_status"
  Detail: Key (type, saga_id, payment_status, outbox_status)=(OrderProcessingSaga, 12fc6ebd-9837-45bd-b190-4e7d6416300d, FAILED, STARTED) already exists.
2024-03-04T03:54:51.843+05:30 ERROR 22000 --- [           main] .p.s.d.PaymentRequestMessageListenerTest : DataAccessException occurred with sql state: 23505
Hibernate: select o1_0.id,o1_0.created_at,o1_0.outbox_status,o1_0.payload,o1_0.payment_status,o1_0.processed_at,o1_0.saga_id,o1_0.type,o1_0.version from order_outbox o1_0 where o1_0.type=? and o1_0.saga_id=? and o1_0.payment_status=? and o1_0.outbox_status=?
]]></system-out>
  </testcase>
</testsuite>